<?xml version="1.0" encoding="UTF-8"?>
<!-- Generated by org.testng.reporters.JUnitReportReporter -->
<testsuite hostname="DESKTOP-EVK9GMC" failures="0" tests="1" name="testNg.Tc1" time="13.845" errors="0" timestamp="2021-01-24T11:39:55 IST" skipped="0">
  <testcase classname="testNg.Tc1" name="login" time="13.845"/>
</testsuite> <!-- testNg.Tc1 -->
