<?xml version="1.0" encoding="UTF-8"?>
<!-- Generated by org.testng.reporters.JUnitReportReporter -->
<testsuite hostname="DESKTOP-EVK9GMC" failures="0" tests="1" name="testNg.Tc3" time="15.924" errors="0" timestamp="2021-01-24T11:45:47 IST" skipped="0">
  <testcase classname="testNg.Tc3" name="clcikactiinc" time="15.924"/>
</testsuite> <!-- testNg.Tc3 -->
