<?xml version="1.0" encoding="UTF-8"?>
<!-- Generated by org.testng.reporters.JUnitReportReporter -->
<testsuite hostname="DESKTOP-EVK9GMC" failures="0" tests="1" name="testNg.Test0" time="0.025" errors="0" timestamp="2021-01-24T10:37:52 IST" skipped="0">
  <testcase classname="testNg.Test0" name="demo" time="0.025"/>
</testsuite> <!-- testNg.Test0 -->
