<?xml version="1.0" encoding="UTF-8"?>
<!-- Generated by org.testng.reporters.JUnitReportReporter -->
<testsuite hostname="DESKTOP-EVK9GMC" failures="0" tests="1" name="testNg.Tc2" time="16.607" errors="0" timestamp="2021-01-24T11:39:55 IST" skipped="0">
  <testcase classname="testNg.Tc2" name="link" time="16.607"/>
</testsuite> <!-- testNg.Tc2 -->
