<?xml version="1.0" encoding="UTF-8"?>
<!-- Generated by org.testng.reporters.JUnitReportReporter -->
<testsuite hostname="DESKTOP-EVK9GMC" failures="0" tests="4" name="testNg.Test1" time="0.028" errors="0" timestamp="2021-01-24T11:04:49 IST" skipped="1">
  <testcase classname="testNg.Test1" name="calls" time="0.023"/>
  <testcase classname="testNg.Test1" name="calls" time="0.003"/>
  <testcase classname="testNg.Test1" name="chats" time="0.002"/>
  <testcase classname="testNg.Test1" name="block">
    <skipped/>
  </testcase> <!-- block -->
</testsuite> <!-- testNg.Test1 -->
